build/app/intermediates/manifest_merge_blame_file/debug/processDebugMainManifest/manifest-merger-blame-debug-report.txt
1<?xml version="1.0" encoding="utf-8"?>
2<manifest xmlns:android="http://schemas.android.com/apk/res/android"
3    package="com.example.securenet"
4    android:versionCode="1"
5    android:versionName="1.0.0" >
6
7    <uses-sdk
8        android:minSdkVersion="23"
9        android:targetSdkVersion="35" />
10    <!--
11         The INTERNET permission is required for development. Specifically,
12         the Flutter tool needs it to communicate with the running application
13         to allow setting breakpoints, to provide hot reload, etc.
14    -->
15    <uses-permission android:name="android.permission.INTERNET" />
15-->src\debug\AndroidManifest.xml:6:5-66
15-->src\debug\AndroidManifest.xml:6:22-64
16    <!-- ✅ Permissions for accessing storage -->
17    <uses-permission android:name="android.permission.READ_EXTERNAL_STORAGE" />
17-->src\main\AndroidManifest.xml:5:5-80
17-->src\main\AndroidManifest.xml:5:22-77
18    <uses-permission
18-->src\main\AndroidManifest.xml:6:5-108
19        android:name="android.permission.WRITE_EXTERNAL_STORAGE"
19-->src\main\AndroidManifest.xml:6:22-78
20        android:maxSdkVersion="28" />
20-->src\main\AndroidManifest.xml:6:79-105
21    <uses-permission android:name="android.permission.POST_NOTIFICATIONS" /> <!-- 🔍 Required for querying certain actions like text processing -->
21-->src\main\AndroidManifest.xml:7:5-77
21-->src\main\AndroidManifest.xml:7:22-74
22    <queries>
22-->src\main\AndroidManifest.xml:42:5-47:15
23        <intent>
23-->src\main\AndroidManifest.xml:43:9-46:18
24            <action android:name="android.intent.action.PROCESS_TEXT" />
24-->src\main\AndroidManifest.xml:44:13-73
24-->src\main\AndroidManifest.xml:44:21-70
25
26            <data android:mimeType="text/plain" />
26-->src\main\AndroidManifest.xml:45:13-51
26-->src\main\AndroidManifest.xml:45:19-48
27        </intent>
28    </queries>
29
30    <uses-permission android:name="android.permission.ACCESS_NETWORK_STATE" />
30-->[:firebase_analytics] AndroidManifest.xml:7:5-79
30-->[:firebase_analytics] AndroidManifest.xml:7:22-76
31    <uses-permission android:name="android.permission.WAKE_LOCK" />
31-->[:firebase_analytics] AndroidManifest.xml:9:5-68
31-->[:firebase_analytics] AndroidManifest.xml:9:22-65
32    <uses-permission android:name="android.permission.VIBRATE" />
32-->[:flutter_local_notifications] AndroidManifest.xml:7:5-66
32-->[:flutter_local_notifications] AndroidManifest.xml:7:22-63
33    <uses-permission android:name="com.google.android.finsky.permission.BIND_GET_INSTALL_REFERRER_SERVICE" />
33-->[com.google.android.gms:play-services-measurement:22.4.0] AndroidManifest.xml:26:5-110
33-->[com.google.android.gms:play-services-measurement:22.4.0] AndroidManifest.xml:26:22-107
34    <uses-permission android:name="com.google.android.gms.permission.AD_ID" />
34-->[com.google.android.gms:play-services-measurement-api:22.4.0] AndroidManifest.xml:25:5-79
34-->[com.google.android.gms:play-services-measurement-api:22.4.0] AndroidManifest.xml:25:22-76
35    <uses-permission android:name="android.permission.ACCESS_ADSERVICES_ATTRIBUTION" />
35-->[com.google.android.gms:play-services-measurement-api:22.4.0] AndroidManifest.xml:26:5-88
35-->[com.google.android.gms:play-services-measurement-api:22.4.0] AndroidManifest.xml:26:22-85
36    <uses-permission android:name="android.permission.ACCESS_ADSERVICES_AD_ID" />
36-->[com.google.android.gms:play-services-measurement-api:22.4.0] AndroidManifest.xml:27:5-82
36-->[com.google.android.gms:play-services-measurement-api:22.4.0] AndroidManifest.xml:27:22-79
37    <uses-permission android:name="com.google.android.providers.gsf.permission.READ_GSERVICES" />
37-->[com.google.android.recaptcha:recaptcha:18.6.1] AndroidManifest.xml:9:5-98
37-->[com.google.android.recaptcha:recaptcha:18.6.1] AndroidManifest.xml:9:22-95
38
39    <permission
39-->[androidx.core:core:1.13.1] AndroidManifest.xml:22:5-24:47
40        android:name="com.example.securenet.DYNAMIC_RECEIVER_NOT_EXPORTED_PERMISSION"
40-->[androidx.core:core:1.13.1] AndroidManifest.xml:23:9-81
41        android:protectionLevel="signature" />
41-->[androidx.core:core:1.13.1] AndroidManifest.xml:24:9-44
42
43    <uses-permission android:name="com.example.securenet.DYNAMIC_RECEIVER_NOT_EXPORTED_PERMISSION" />
43-->[androidx.core:core:1.13.1] AndroidManifest.xml:26:5-97
43-->[androidx.core:core:1.13.1] AndroidManifest.xml:26:22-94
44
45    <application
46        android:name="android.app.Application"
47        android:appComponentFactory="androidx.core.app.CoreComponentFactory"
47-->[androidx.core:core:1.13.1] AndroidManifest.xml:28:18-86
48        android:debuggable="true"
49        android:extractNativeLibs="false"
50        android:icon="@mipmap/ic_launcher"
51        android:label="securenet" >
52        <activity
53            android:name="com.example.securenet.MainActivity"
54            android:configChanges="orientation|keyboardHidden|keyboard|screenSize|smallestScreenSize|locale|layoutDirection|fontScale|screenLayout|density|uiMode"
55            android:exported="true"
56            android:hardwareAccelerated="true"
57            android:launchMode="singleTop"
58            android:taskAffinity=""
59            android:theme="@style/LaunchTheme"
60            android:windowSoftInputMode="adjustResize" >
61
62            <!-- Optional: Flutter's normal theme background -->
63            <meta-data
64                android:name="io.flutter.embedding.android.NormalTheme"
65                android:resource="@style/NormalTheme" />
66
67            <intent-filter>
68                <action android:name="android.intent.action.MAIN" />
69
70                <category android:name="android.intent.category.LAUNCHER" />
71            </intent-filter>
72        </activity>
73
74        <!-- ⚙️ Required by Flutter plugins -->
75        <meta-data
76            android:name="flutterEmbedding"
77            android:value="2" />
78
79        <service
79-->[:cloud_firestore] AndroidManifest.xml:8:9-12:19
80            android:name="com.google.firebase.components.ComponentDiscoveryService"
80-->[:cloud_firestore] AndroidManifest.xml:8:18-89
81            android:directBootAware="true"
81-->[com.google.firebase:firebase-common:21.0.0] AndroidManifest.xml:32:13-43
82            android:exported="false" >
82-->[com.google.firebase:firebase-firestore:25.1.3] AndroidManifest.xml:16:13-37
83            <meta-data
83-->[:cloud_firestore] AndroidManifest.xml:9:13-11:85
84                android:name="com.google.firebase.components:io.flutter.plugins.firebase.firestore.FlutterFirebaseFirestoreRegistrar"
84-->[:cloud_firestore] AndroidManifest.xml:10:17-134
85                android:value="com.google.firebase.components.ComponentRegistrar" />
85-->[:cloud_firestore] AndroidManifest.xml:11:17-82
86            <meta-data
86-->[:firebase_analytics] AndroidManifest.xml:13:13-15:85
87                android:name="com.google.firebase.components:io.flutter.plugins.firebase.analytics.FlutterFirebaseAppRegistrar"
87-->[:firebase_analytics] AndroidManifest.xml:14:17-128
88                android:value="com.google.firebase.components.ComponentRegistrar" />
88-->[:firebase_analytics] AndroidManifest.xml:15:17-82
89            <meta-data
89-->[:firebase_auth] AndroidManifest.xml:9:13-11:85
90                android:name="com.google.firebase.components:io.flutter.plugins.firebase.auth.FlutterFirebaseAuthRegistrar"
90-->[:firebase_auth] AndroidManifest.xml:10:17-124
91                android:value="com.google.firebase.components.ComponentRegistrar" />
91-->[:firebase_auth] AndroidManifest.xml:11:17-82
92            <meta-data
92-->[:firebase_remote_config] AndroidManifest.xml:9:13-11:85
93                android:name="com.google.firebase.components:io.flutter.plugins.firebase.firebaseremoteconfig.FlutterFirebaseAppRegistrar"
93-->[:firebase_remote_config] AndroidManifest.xml:10:17-139
94                android:value="com.google.firebase.components.ComponentRegistrar" />
94-->[:firebase_remote_config] AndroidManifest.xml:11:17-82
95            <meta-data
95-->[:firebase_storage] AndroidManifest.xml:9:13-11:85
96                android:name="com.google.firebase.components:io.flutter.plugins.firebase.storage.FlutterFirebaseAppRegistrar"
96-->[:firebase_storage] AndroidManifest.xml:10:17-126
97                android:value="com.google.firebase.components.ComponentRegistrar" />
97-->[:firebase_storage] AndroidManifest.xml:11:17-82
98            <meta-data
98-->[:firebase_core] AndroidManifest.xml:9:13-11:85
99                android:name="com.google.firebase.components:io.flutter.plugins.firebase.core.FlutterFirebaseCoreRegistrar"
99-->[:firebase_core] AndroidManifest.xml:10:17-124
100                android:value="com.google.firebase.components.ComponentRegistrar" />
100-->[:firebase_core] AndroidManifest.xml:11:17-82
101            <meta-data
101-->[com.google.firebase:firebase-firestore:25.1.3] AndroidManifest.xml:17:13-19:85
102                android:name="com.google.firebase.components:com.google.firebase.firestore.FirebaseFirestoreKtxRegistrar"
102-->[com.google.firebase:firebase-firestore:25.1.3] AndroidManifest.xml:18:17-122
103                android:value="com.google.firebase.components.ComponentRegistrar" />
103-->[com.google.firebase:firebase-firestore:25.1.3] AndroidManifest.xml:19:17-82
104            <meta-data
104-->[com.google.firebase:firebase-firestore:25.1.3] AndroidManifest.xml:20:13-22:85
105                android:name="com.google.firebase.components:com.google.firebase.firestore.FirestoreRegistrar"
105-->[com.google.firebase:firebase-firestore:25.1.3] AndroidManifest.xml:21:17-111
106                android:value="com.google.firebase.components.ComponentRegistrar" />
106-->[com.google.firebase:firebase-firestore:25.1.3] AndroidManifest.xml:22:17-82
107            <meta-data
107-->[com.google.firebase:firebase-auth:23.2.0] AndroidManifest.xml:69:13-71:85
108                android:name="com.google.firebase.components:com.google.firebase.auth.FirebaseAuthRegistrar"
108-->[com.google.firebase:firebase-auth:23.2.0] AndroidManifest.xml:70:17-109
109                android:value="com.google.firebase.components.ComponentRegistrar" />
109-->[com.google.firebase:firebase-auth:23.2.0] AndroidManifest.xml:71:17-82
110            <meta-data
110-->[com.google.android.gms:play-services-measurement-api:22.4.0] AndroidManifest.xml:33:13-35:85
111                android:name="com.google.firebase.components:com.google.firebase.analytics.connector.internal.AnalyticsConnectorRegistrar"
111-->[com.google.android.gms:play-services-measurement-api:22.4.0] AndroidManifest.xml:34:17-139
112                android:value="com.google.firebase.components.ComponentRegistrar" />
112-->[com.google.android.gms:play-services-measurement-api:22.4.0] AndroidManifest.xml:35:17-82
113            <meta-data
113-->[com.google.firebase:firebase-config:22.1.0] AndroidManifest.xml:29:13-31:85
114                android:name="com.google.firebase.components:com.google.firebase.remoteconfig.FirebaseRemoteConfigKtxRegistrar"
114-->[com.google.firebase:firebase-config:22.1.0] AndroidManifest.xml:30:17-128
115                android:value="com.google.firebase.components.ComponentRegistrar" />
115-->[com.google.firebase:firebase-config:22.1.0] AndroidManifest.xml:31:17-82
116            <meta-data
116-->[com.google.firebase:firebase-config:22.1.0] AndroidManifest.xml:32:13-34:85
117                android:name="com.google.firebase.components:com.google.firebase.remoteconfig.RemoteConfigRegistrar"
117-->[com.google.firebase:firebase-config:22.1.0] AndroidManifest.xml:33:17-117
118                android:value="com.google.firebase.components.ComponentRegistrar" />
118-->[com.google.firebase:firebase-config:22.1.0] AndroidManifest.xml:34:17-82
119            <meta-data
119-->[com.google.firebase:firebase-storage:21.0.1] AndroidManifest.xml:30:13-32:85
120                android:name="com.google.firebase.components:com.google.firebase.storage.FirebaseStorageKtxRegistrar"
120-->[com.google.firebase:firebase-storage:21.0.1] AndroidManifest.xml:31:17-118
121                android:value="com.google.firebase.components.ComponentRegistrar" />
121-->[com.google.firebase:firebase-storage:21.0.1] AndroidManifest.xml:32:17-82
122            <meta-data
122-->[com.google.firebase:firebase-storage:21.0.1] AndroidManifest.xml:33:13-35:85
123                android:name="com.google.firebase.components:com.google.firebase.storage.StorageRegistrar"
123-->[com.google.firebase:firebase-storage:21.0.1] AndroidManifest.xml:34:17-107
124                android:value="com.google.firebase.components.ComponentRegistrar" />
124-->[com.google.firebase:firebase-storage:21.0.1] AndroidManifest.xml:35:17-82
125            <meta-data
125-->[com.google.firebase:firebase-installations:18.0.0] AndroidManifest.xml:15:13-17:85
126                android:name="com.google.firebase.components:com.google.firebase.installations.FirebaseInstallationsKtxRegistrar"
126-->[com.google.firebase:firebase-installations:18.0.0] AndroidManifest.xml:16:17-130
127                android:value="com.google.firebase.components.ComponentRegistrar" />
127-->[com.google.firebase:firebase-installations:18.0.0] AndroidManifest.xml:17:17-82
128            <meta-data
128-->[com.google.firebase:firebase-installations:18.0.0] AndroidManifest.xml:18:13-20:85
129                android:name="com.google.firebase.components:com.google.firebase.installations.FirebaseInstallationsRegistrar"
129-->[com.google.firebase:firebase-installations:18.0.0] AndroidManifest.xml:19:17-127
130                android:value="com.google.firebase.components.ComponentRegistrar" />
130-->[com.google.firebase:firebase-installations:18.0.0] AndroidManifest.xml:20:17-82
131            <meta-data
131-->[com.google.firebase:firebase-appcheck:18.0.0] AndroidManifest.xml:25:13-27:85
132                android:name="com.google.firebase.components:com.google.firebase.appcheck.FirebaseAppCheckKtxRegistrar"
132-->[com.google.firebase:firebase-appcheck:18.0.0] AndroidManifest.xml:26:17-120
133                android:value="com.google.firebase.components.ComponentRegistrar" />
133-->[com.google.firebase:firebase-appcheck:18.0.0] AndroidManifest.xml:27:17-82
134            <meta-data
134-->[com.google.firebase:firebase-appcheck:18.0.0] AndroidManifest.xml:28:13-30:85
135                android:name="com.google.firebase.components:com.google.firebase.appcheck.FirebaseAppCheckRegistrar"
135-->[com.google.firebase:firebase-appcheck:18.0.0] AndroidManifest.xml:29:17-117
136                android:value="com.google.firebase.components.ComponentRegistrar" />
136-->[com.google.firebase:firebase-appcheck:18.0.0] AndroidManifest.xml:30:17-82
137            <meta-data
137-->[com.google.firebase:firebase-common-ktx:21.0.0] AndroidManifest.xml:12:13-14:85
138                android:name="com.google.firebase.components:com.google.firebase.ktx.FirebaseCommonLegacyRegistrar"
138-->[com.google.firebase:firebase-common-ktx:21.0.0] AndroidManifest.xml:13:17-116
139                android:value="com.google.firebase.components.ComponentRegistrar" />
139-->[com.google.firebase:firebase-common-ktx:21.0.0] AndroidManifest.xml:14:17-82
140            <meta-data
140-->[com.google.firebase:firebase-common:21.0.0] AndroidManifest.xml:35:13-37:85
141                android:name="com.google.firebase.components:com.google.firebase.FirebaseCommonKtxRegistrar"
141-->[com.google.firebase:firebase-common:21.0.0] AndroidManifest.xml:36:17-109
142                android:value="com.google.firebase.components.ComponentRegistrar" />
142-->[com.google.firebase:firebase-common:21.0.0] AndroidManifest.xml:37:17-82
143            <meta-data
143-->[com.google.firebase:firebase-abt:21.1.1] AndroidManifest.xml:12:13-14:85
144                android:name="com.google.firebase.components:com.google.firebase.abt.component.AbtRegistrar"
144-->[com.google.firebase:firebase-abt:21.1.1] AndroidManifest.xml:13:17-109
145                android:value="com.google.firebase.components.ComponentRegistrar" />
145-->[com.google.firebase:firebase-abt:21.1.1] AndroidManifest.xml:14:17-82
146        </service>
147
148        <provider
148-->[:image_picker_android] AndroidManifest.xml:9:9-17:20
149            android:name="io.flutter.plugins.imagepicker.ImagePickerFileProvider"
149-->[:image_picker_android] AndroidManifest.xml:10:13-82
150            android:authorities="com.example.securenet.flutter.image_provider"
150-->[:image_picker_android] AndroidManifest.xml:11:13-74
151            android:exported="false"
151-->[:image_picker_android] AndroidManifest.xml:12:13-37
152            android:grantUriPermissions="true" >
152-->[:image_picker_android] AndroidManifest.xml:13:13-47
153            <meta-data
153-->[:image_picker_android] AndroidManifest.xml:14:13-16:75
154                android:name="android.support.FILE_PROVIDER_PATHS"
154-->[:image_picker_android] AndroidManifest.xml:15:17-67
155                android:resource="@xml/flutter_image_picker_file_paths" />
155-->[:image_picker_android] AndroidManifest.xml:16:17-72
156        </provider> <!-- Trigger Google Play services to install the backported photo picker module. -->
157        <service
157-->[:image_picker_android] AndroidManifest.xml:19:9-31:19
158            android:name="com.google.android.gms.metadata.ModuleDependencies"
158-->[:image_picker_android] AndroidManifest.xml:20:13-78
159            android:enabled="false"
159-->[:image_picker_android] AndroidManifest.xml:21:13-36
160            android:exported="false" >
160-->[:image_picker_android] AndroidManifest.xml:22:13-37
161            <intent-filter>
161-->[:image_picker_android] AndroidManifest.xml:24:13-26:29
162                <action android:name="com.google.android.gms.metadata.MODULE_DEPENDENCIES" />
162-->[:image_picker_android] AndroidManifest.xml:25:17-94
162-->[:image_picker_android] AndroidManifest.xml:25:25-91
163            </intent-filter>
164
165            <meta-data
165-->[:image_picker_android] AndroidManifest.xml:28:13-30:36
166                android:name="photopicker_activity:0:required"
166-->[:image_picker_android] AndroidManifest.xml:29:17-63
167                android:value="" />
167-->[:image_picker_android] AndroidManifest.xml:30:17-33
168        </service>
169
170        <activity
170-->[com.google.firebase:firebase-auth:23.2.0] AndroidManifest.xml:29:9-46:20
171            android:name="com.google.firebase.auth.internal.GenericIdpActivity"
171-->[com.google.firebase:firebase-auth:23.2.0] AndroidManifest.xml:30:13-80
172            android:excludeFromRecents="true"
172-->[com.google.firebase:firebase-auth:23.2.0] AndroidManifest.xml:31:13-46
173            android:exported="true"
173-->[com.google.firebase:firebase-auth:23.2.0] AndroidManifest.xml:32:13-36
174            android:launchMode="singleTask"
174-->[com.google.firebase:firebase-auth:23.2.0] AndroidManifest.xml:33:13-44
175            android:theme="@android:style/Theme.Translucent.NoTitleBar" >
175-->[com.google.firebase:firebase-auth:23.2.0] AndroidManifest.xml:34:13-72
176            <intent-filter>
176-->[com.google.firebase:firebase-auth:23.2.0] AndroidManifest.xml:35:13-45:29
177                <action android:name="android.intent.action.VIEW" />
177-->[com.google.firebase:firebase-auth:23.2.0] AndroidManifest.xml:36:17-69
177-->[com.google.firebase:firebase-auth:23.2.0] AndroidManifest.xml:36:25-66
178
179                <category android:name="android.intent.category.DEFAULT" />
179-->[com.google.firebase:firebase-auth:23.2.0] AndroidManifest.xml:38:17-76
179-->[com.google.firebase:firebase-auth:23.2.0] AndroidManifest.xml:38:27-73
180                <category android:name="android.intent.category.BROWSABLE" />
180-->[com.google.firebase:firebase-auth:23.2.0] AndroidManifest.xml:39:17-78
180-->[com.google.firebase:firebase-auth:23.2.0] AndroidManifest.xml:39:27-75
181
182                <data
182-->src\main\AndroidManifest.xml:45:13-51
183                    android:host="firebase.auth"
184                    android:path="/"
185                    android:scheme="genericidp" />
186            </intent-filter>
187        </activity>
188        <activity
188-->[com.google.firebase:firebase-auth:23.2.0] AndroidManifest.xml:47:9-64:20
189            android:name="com.google.firebase.auth.internal.RecaptchaActivity"
189-->[com.google.firebase:firebase-auth:23.2.0] AndroidManifest.xml:48:13-79
190            android:excludeFromRecents="true"
190-->[com.google.firebase:firebase-auth:23.2.0] AndroidManifest.xml:49:13-46
191            android:exported="true"
191-->[com.google.firebase:firebase-auth:23.2.0] AndroidManifest.xml:50:13-36
192            android:launchMode="singleTask"
192-->[com.google.firebase:firebase-auth:23.2.0] AndroidManifest.xml:51:13-44
193            android:theme="@android:style/Theme.Translucent.NoTitleBar" >
193-->[com.google.firebase:firebase-auth:23.2.0] AndroidManifest.xml:52:13-72
194            <intent-filter>
194-->[com.google.firebase:firebase-auth:23.2.0] AndroidManifest.xml:53:13-63:29
195                <action android:name="android.intent.action.VIEW" />
195-->[com.google.firebase:firebase-auth:23.2.0] AndroidManifest.xml:36:17-69
195-->[com.google.firebase:firebase-auth:23.2.0] AndroidManifest.xml:36:25-66
196
197                <category android:name="android.intent.category.DEFAULT" />
197-->[com.google.firebase:firebase-auth:23.2.0] AndroidManifest.xml:38:17-76
197-->[com.google.firebase:firebase-auth:23.2.0] AndroidManifest.xml:38:27-73
198                <category android:name="android.intent.category.BROWSABLE" />
198-->[com.google.firebase:firebase-auth:23.2.0] AndroidManifest.xml:39:17-78
198-->[com.google.firebase:firebase-auth:23.2.0] AndroidManifest.xml:39:27-75
199
200                <data
200-->src\main\AndroidManifest.xml:45:13-51
201                    android:host="firebase.auth"
202                    android:path="/"
203                    android:scheme="recaptcha" />
204            </intent-filter>
205        </activity>
206
207        <receiver
207-->[com.google.android.gms:play-services-measurement:22.4.0] AndroidManifest.xml:29:9-33:20
208            android:name="com.google.android.gms.measurement.AppMeasurementReceiver"
208-->[com.google.android.gms:play-services-measurement:22.4.0] AndroidManifest.xml:30:13-85
209            android:enabled="true"
209-->[com.google.android.gms:play-services-measurement:22.4.0] AndroidManifest.xml:31:13-35
210            android:exported="false" >
210-->[com.google.android.gms:play-services-measurement:22.4.0] AndroidManifest.xml:32:13-37
211        </receiver>
212
213        <service
213-->[com.google.android.gms:play-services-measurement:22.4.0] AndroidManifest.xml:35:9-38:40
214            android:name="com.google.android.gms.measurement.AppMeasurementService"
214-->[com.google.android.gms:play-services-measurement:22.4.0] AndroidManifest.xml:36:13-84
215            android:enabled="true"
215-->[com.google.android.gms:play-services-measurement:22.4.0] AndroidManifest.xml:37:13-35
216            android:exported="false" />
216-->[com.google.android.gms:play-services-measurement:22.4.0] AndroidManifest.xml:38:13-37
217        <service
217-->[com.google.android.gms:play-services-measurement:22.4.0] AndroidManifest.xml:39:9-43:72
218            android:name="com.google.android.gms.measurement.AppMeasurementJobService"
218-->[com.google.android.gms:play-services-measurement:22.4.0] AndroidManifest.xml:40:13-87
219            android:enabled="true"
219-->[com.google.android.gms:play-services-measurement:22.4.0] AndroidManifest.xml:41:13-35
220            android:exported="false"
220-->[com.google.android.gms:play-services-measurement:22.4.0] AndroidManifest.xml:42:13-37
221            android:permission="android.permission.BIND_JOB_SERVICE" />
221-->[com.google.android.gms:play-services-measurement:22.4.0] AndroidManifest.xml:43:13-69
222
223        <provider
223-->[com.google.firebase:firebase-common:21.0.0] AndroidManifest.xml:23:9-28:39
224            android:name="com.google.firebase.provider.FirebaseInitProvider"
224-->[com.google.firebase:firebase-common:21.0.0] AndroidManifest.xml:24:13-77
225            android:authorities="com.example.securenet.firebaseinitprovider"
225-->[com.google.firebase:firebase-common:21.0.0] AndroidManifest.xml:25:13-72
226            android:directBootAware="true"
226-->[com.google.firebase:firebase-common:21.0.0] AndroidManifest.xml:26:13-43
227            android:exported="false"
227-->[com.google.firebase:firebase-common:21.0.0] AndroidManifest.xml:27:13-37
228            android:initOrder="100" />
228-->[com.google.firebase:firebase-common:21.0.0] AndroidManifest.xml:28:13-36
229
230        <service
230-->[androidx.credentials:credentials-play-services-auth:1.2.0-rc01] AndroidManifest.xml:24:9-32:19
231            android:name="androidx.credentials.playservices.CredentialProviderMetadataHolder"
231-->[androidx.credentials:credentials-play-services-auth:1.2.0-rc01] AndroidManifest.xml:25:13-94
232            android:enabled="true"
232-->[androidx.credentials:credentials-play-services-auth:1.2.0-rc01] AndroidManifest.xml:26:13-35
233            android:exported="false" >
233-->[androidx.credentials:credentials-play-services-auth:1.2.0-rc01] AndroidManifest.xml:27:13-37
234            <meta-data
234-->[androidx.credentials:credentials-play-services-auth:1.2.0-rc01] AndroidManifest.xml:29:13-31:104
235                android:name="androidx.credentials.CREDENTIAL_PROVIDER_KEY"
235-->[androidx.credentials:credentials-play-services-auth:1.2.0-rc01] AndroidManifest.xml:30:17-76
236                android:value="androidx.credentials.playservices.CredentialProviderPlayServicesImpl" />
236-->[androidx.credentials:credentials-play-services-auth:1.2.0-rc01] AndroidManifest.xml:31:17-101
237        </service>
238
239        <activity
239-->[androidx.credentials:credentials-play-services-auth:1.2.0-rc01] AndroidManifest.xml:34:9-41:20
240            android:name="androidx.credentials.playservices.HiddenActivity"
240-->[androidx.credentials:credentials-play-services-auth:1.2.0-rc01] AndroidManifest.xml:35:13-76
241            android:configChanges="orientation|screenSize|screenLayout|keyboardHidden"
241-->[androidx.credentials:credentials-play-services-auth:1.2.0-rc01] AndroidManifest.xml:36:13-87
242            android:enabled="true"
242-->[androidx.credentials:credentials-play-services-auth:1.2.0-rc01] AndroidManifest.xml:37:13-35
243            android:exported="false"
243-->[androidx.credentials:credentials-play-services-auth:1.2.0-rc01] AndroidManifest.xml:38:13-37
244            android:fitsSystemWindows="true"
244-->[androidx.credentials:credentials-play-services-auth:1.2.0-rc01] AndroidManifest.xml:39:13-45
245            android:theme="@style/Theme.Hidden" >
245-->[androidx.credentials:credentials-play-services-auth:1.2.0-rc01] AndroidManifest.xml:40:13-48
246        </activity>
247        <activity
247-->[com.google.android.gms:play-services-auth:20.7.0] AndroidManifest.xml:23:9-27:75
248            android:name="com.google.android.gms.auth.api.signin.internal.SignInHubActivity"
248-->[com.google.android.gms:play-services-auth:20.7.0] AndroidManifest.xml:24:13-93
249            android:excludeFromRecents="true"
249-->[com.google.android.gms:play-services-auth:20.7.0] AndroidManifest.xml:25:13-46
250            android:exported="false"
250-->[com.google.android.gms:play-services-auth:20.7.0] AndroidManifest.xml:26:13-37
251            android:theme="@android:style/Theme.Translucent.NoTitleBar" />
251-->[com.google.android.gms:play-services-auth:20.7.0] AndroidManifest.xml:27:13-72
252        <!--
253            Service handling Google Sign-In user revocation. For apps that do not integrate with
254            Google Sign-In, this service will never be started.
255        -->
256        <service
256-->[com.google.android.gms:play-services-auth:20.7.0] AndroidManifest.xml:33:9-37:51
257            android:name="com.google.android.gms.auth.api.signin.RevocationBoundService"
257-->[com.google.android.gms:play-services-auth:20.7.0] AndroidManifest.xml:34:13-89
258            android:exported="true"
258-->[com.google.android.gms:play-services-auth:20.7.0] AndroidManifest.xml:35:13-36
259            android:permission="com.google.android.gms.auth.api.signin.permission.REVOCATION_NOTIFICATION"
259-->[com.google.android.gms:play-services-auth:20.7.0] AndroidManifest.xml:36:13-107
260            android:visibleToInstantApps="true" />
260-->[com.google.android.gms:play-services-auth:20.7.0] AndroidManifest.xml:37:13-48
261
262        <activity
262-->[com.google.android.gms:play-services-base:18.5.0] AndroidManifest.xml:5:9-173
263            android:name="com.google.android.gms.common.api.GoogleApiActivity"
263-->[com.google.android.gms:play-services-base:18.5.0] AndroidManifest.xml:5:19-85
264            android:exported="false"
264-->[com.google.android.gms:play-services-base:18.5.0] AndroidManifest.xml:5:146-170
265            android:theme="@android:style/Theme.Translucent.NoTitleBar" />
265-->[com.google.android.gms:play-services-base:18.5.0] AndroidManifest.xml:5:86-145
266
267        <provider
267-->[androidx.lifecycle:lifecycle-process:2.7.0] AndroidManifest.xml:24:9-32:20
268            android:name="androidx.startup.InitializationProvider"
268-->[androidx.lifecycle:lifecycle-process:2.7.0] AndroidManifest.xml:25:13-67
269            android:authorities="com.example.securenet.androidx-startup"
269-->[androidx.lifecycle:lifecycle-process:2.7.0] AndroidManifest.xml:26:13-68
270            android:exported="false" >
270-->[androidx.lifecycle:lifecycle-process:2.7.0] AndroidManifest.xml:27:13-37
271            <meta-data
271-->[androidx.lifecycle:lifecycle-process:2.7.0] AndroidManifest.xml:29:13-31:52
272                android:name="androidx.lifecycle.ProcessLifecycleInitializer"